#
# A fatal error has been detected by the Java Runtime Environment:
#
#  EXCEPTION_ACCESS_VIOLATION (0xc0000005) at pc=0x000000006fa8d82c, pid=17660, tid=17860
#
# JRE version: Java(TM) SE Runtime Environment (10.0+46) (build 10+46)
# Java VM: Java HotSpot(TM) 64-Bit Server VM (10+46, mixed mode, tiered, compressed oops, g1 gc, windows-amd64)
# Problematic frame:
# V  [jvm.dll+0x31d82c]
#
# No core dump will be written. Minidumps are not enabled by default on client versions of Windows
#
# If you would like to submit a bug report, please visit:
#   http://bugreport.java.com/bugreport/crash.jsp
#

---------------  S U M M A R Y ------------

Command Line: -agentlib:jdwp=transport=dt_socket,address=127.0.0.1:51236,suspend=y,server=n -Dfile.encoding=UTF-8 SelisihBeban

Host: Intel(R) Core(TM) i5-7200U CPU @ 2.50GHz, 4 cores, 11G,  Windows 10 , 64 bit Build 17134 (10.0.17134.1)
Time: Tue Jul 31 17:46:02 2018 SE Asia Standard Time elapsed time: 1196 seconds (0d 0h 19m 56s)

---------------  T H R E A D  ---------------

Current thread (0x000001fce1950800):  VMThread "VM Thread" [stack: 0x0000000290300000,0x0000000290400000] [id=17860]

Stack: [0x0000000290300000,0x0000000290400000],  sp=0x00000002903fed10,  free space=1019k
Native frames: (J=compiled Java code, j=interpreted, Vv=VM code, C=native code)
V  [jvm.dll+0x31d82c]
V  [jvm.dll+0x31fc0b]
V  [jvm.dll+0x32024e]
V  [jvm.dll+0x31d9f5]
V  [jvm.dll+0x31cde3]
V  [jvm.dll+0x59048f]
V  [jvm.dll+0x590876]
V  [jvm.dll+0x590636]
V  [jvm.dll+0x55bdc8]
V  [jvm.dll+0x4738fa]
V  [jvm.dll+0x6c42dc]
V  [jvm.dll+0x6c2a45]
V  [jvm.dll+0x6c3250]
V  [jvm.dll+0x6c358c]
V  [jvm.dll+0x59ef10]
C  [msvcr120.dll+0x24f7f]
C  [msvcr120.dll+0x25126]
C  [KERNEL32.DLL+0x13034]
C  [ntdll.dll+0x71431]


siginfo: EXCEPTION_ACCESS_VIOLATION (0xc0000005), reading address 0x0000000000000006


Register to memory mapping:

RIP=0x000000006fa8d82c jvm.dll
RAX=0x0000000000000000 is an unknown value
RBX=0x000001fce15300a0 is pointing into metadata
RCX=0x0000000000000000 is an unknown value
RDX=0x0000000000000000 is an unknown value
RSP=0x00000002903fed10 is an unknown value
RBP=0x0000000000000001 is an unknown value
RSI=0x0000000070109b88 jvm.dll
RDI=0x00000002903fefb0 is an unknown value
R8 =0x0000000000000000 is an unknown value
R9 =0x000001fce15300a0 is pointing into metadata
R10=0x000001fce10e14ec is an unknown value
R11=0x000001fce10e14a0 is an unknown value
R12=0x000000006feed601 jvm.dll
R13=0x0000000000000000 is an unknown value
R14=0x0000000000000000 is an unknown value
R15=0x0000000000000028 is an unknown value


Registers:
RAX=0x0000000000000000, RBX=0x000001fce15300a0, RCX=0x0000000000000000, RDX=0x0000000000000000
RSP=0x00000002903fed10, RBP=0x0000000000000001, RSI=0x0000000070109b88, RDI=0x00000002903fefb0
R8 =0x0000000000000000, R9 =0x000001fce15300a0, R10=0x000001fce10e14ec, R11=0x000001fce10e14a0
R12=0x000000006feed601, R13=0x0000000000000000, R14=0x0000000000000000, R15=0x0000000000000028
RIP=0x000000006fa8d82c, EFLAGS=0x0000000000010206

Top of Stack: (sp=0x00000002903fed10)
0x00000002903fed10:   00000002903fbcff 00000002903fefb0
0x00000002903fed20:   00000002903fee00 0000000000000000
0x00000002903fed30:   000000004fffffff 000000006fd01396
0x00000002903fed40:   0000000046000003 00000000000000b1
0x00000002903fed50:   0000c7e9f4923232 0000000000000008
0x00000002903fed60:   0000000000000001 00000002903fee00
0x00000002903fed70:   00000002903fefb0 000000006fa8fc0b
0x00000002903fed80:   00000002903fefb0 000000000000000b
0x00000002903fed90:   00000002903fee30 00000002903fefb0
0x00000002903feda0:   000000020000000b 000001fce10e1358
0x00000002903fedb0:   0000000000000028 0000000000000014
0x00000002903fedc0:   000001fce10e1358 000000006fa9024e
0x00000002903fedd0:   00000002903fefb0 00000002903fee30
0x00000002903fede0:   0000000000000001 000001fce10e1358
0x00000002903fedf0:   0000000000006000 000000006fa920f1
0x00000002903fee00:   000001fce1530708 000001fce1950800 

Instructions: (pc=0x000000006fa8d82c)
0x000000006fa8d80c:   8b cb e8 2d 13 f1 ff 48 8b cb 8b d0 e8 43 3a f1
0x000000006fa8d81c:   ff 48 8d 35 64 c3 67 00 48 63 c8 48 8b 44 cb 40
0x000000006fa8d82c:   0f b6 48 06 8b 05 4e c3 67 00 80 f9 4c 74 2b 80
0x000000006fa8d83c:   f9 5b 74 26 80 f9 4a 74 18 80 f9 44 74 13 48 8d 


VM_Operation (0x0000000290cff210): GetOrSetLocal, mode: safepoint, requested by thread 0x000001fce1bad000


---------------  P R O C E S S  ---------------

Threads class SMR info:
_java_thread_list=0x000001fce1bdac70, length=14, elements={
0x000001fcbd795800, 0x000001fce1967000, 0x000001fce1968000, 0x000001fce1963000,
0x000001fce19b6800, 0x000001fce19b9000, 0x000001fce19bc000, 0x000001fce1a1c000,
0x000001fce1a38000, 0x000001fce1bad000, 0x000001fce1bba800, 0x000001fce1bbf800,
0x000001fce1bdb800, 0x000001fce1be2000
}

Java Threads: ( => current thread )
  0x000001fcbd795800 JavaThread "main" [_thread_blocked, id=17760, stack(0x000000028f700000,0x000000028f800000)]
  0x000001fce1967000 JavaThread "Reference Handler" daemon [_thread_blocked, id=17872, stack(0x0000000290400000,0x0000000290500000)]
  0x000001fce1968000 JavaThread "Finalizer" daemon [_thread_blocked, id=17876, stack(0x0000000290500000,0x0000000290600000)]
  0x000001fce1963000 JavaThread "Signal Dispatcher" daemon [_thread_blocked, id=17880, stack(0x0000000290600000,0x0000000290700000)]
  0x000001fce19b6800 JavaThread "Attach Listener" daemon [_thread_blocked, id=17884, stack(0x0000000290700000,0x0000000290800000)]
  0x000001fce19b9000 JavaThread "C2 CompilerThread0" daemon [_thread_blocked, id=17888, stack(0x0000000290800000,0x0000000290900000)]
  0x000001fce19bc000 JavaThread "C2 CompilerThread1" daemon [_thread_blocked, id=17892, stack(0x0000000290900000,0x0000000290a00000)]
  0x000001fce1a1c000 JavaThread "C1 CompilerThread2" daemon [_thread_blocked, id=17896, stack(0x0000000290a00000,0x0000000290b00000)]
  0x000001fce1a38000 JavaThread "Sweeper thread" daemon [_thread_blocked, id=17912, stack(0x0000000290b00000,0x0000000290c00000)]
  0x000001fce1bad000 JavaThread "JDWP Transport Listener: dt_socket" daemon [_thread_blocked, id=17928, stack(0x0000000290c00000,0x0000000290d00000)] _threads_hazard_ptr=0x000001fce1bdac70
  0x000001fce1bba800 JavaThread "JDWP Event Helper Thread" daemon [_thread_blocked, id=17936, stack(0x0000000290d00000,0x0000000290e00000)]
  0x000001fce1bbf800 JavaThread "JDWP Command Reader" daemon [_thread_in_native, id=17948, stack(0x0000000290e00000,0x0000000290f00000)]
  0x000001fce1bdb800 JavaThread "Service Thread" daemon [_thread_blocked, id=17960, stack(0x0000000290f00000,0x0000000291000000)]
  0x000001fce1be2000 JavaThread "Common-Cleaner" daemon [_thread_blocked, id=17964, stack(0x0000000291000000,0x0000000291100000)]

Other Threads:
=>0x000001fce1950800 VMThread "VM Thread" [stack: 0x0000000290300000,0x0000000290400000] [id=17860]
  0x000001fce1bd4000 WatcherThread [stack: 0x0000000291100000,0x0000000291200000] [id=17968]
  0x000001fcbd7af800 GCTaskThread "GC Thread#0" [stack: 0x000000028f800000,0x000000028f900000] [id=17792]
  0x000001fcbd7b1800 GCTaskThread "GC Thread#1" [stack: 0x000000028f900000,0x000000028fa00000] [id=17796]
  0x000001fcbd7b3800 GCTaskThread "GC Thread#2" [stack: 0x000000028fa00000,0x000000028fb00000] [id=17800]
  0x000001fcbd7b5800 GCTaskThread "GC Thread#3" [stack: 0x000000028fb00000,0x000000028fc00000] [id=17804]
  0x000001fcbd853800 ConcurrentGCThread "G1 Main Marker" [stack: 0x000000028fc00000,0x000000028fd00000] [id=17808]
  0x000001fcbd856800 ConcurrentGCThread "G1 Conc#0" [stack: 0x000000028fd00000,0x000000028fe00000] [id=17812]
  0x000001fce0fd8800 ConcurrentGCThread "G1 Refine#0" [stack: 0x000000028fe00000,0x000000028ff00000] [id=17836]
  0x000001fce0fda000 ConcurrentGCThread "G1 Refine#1" [stack: 0x000000028ff00000,0x0000000290000000] [id=17840]
  0x000001fce0fdb000 ConcurrentGCThread "G1 Refine#2" [stack: 0x0000000290000000,0x0000000290100000] [id=17844]
  0x000001fce0fdc800 ConcurrentGCThread "G1 Refine#3" [stack: 0x0000000290100000,0x0000000290200000] [id=17848]
  0x000001fce0fdf800 ConcurrentGCThread "G1 Young RemSet Sampling" [stack: 0x0000000290200000,0x0000000290300000] [id=17852]

Threads with active compile tasks:

VM state:at safepoint (normal execution)

VM Mutex/Monitor currently owned by a thread:  ([mutex/lock_event])
[0x000001fcbd792a60] Threads_lock - owner thread: 0x000001fce1950800

Heap address: 0x0000000702000000, size: 3040 MB, Compressed Oops mode: Zero based, Oop shift amount: 3
Narrow klass base: 0x0000000000000000, Narrow klass shift: 3
Compressed class space size: 1073741824 Address: 0x00000007c0000000

Heap:
 garbage-first heap   total 194560K, used 2048K [0x0000000702000000, 0x00000007c0000000)
  region size 1024K, 3 young (3072K), 0 survivors (0K)
 Metaspace       used 6124K, capacity 6272K, committed 6528K, reserved 1056768K
  class space    used 500K, capacity 518K, committed 640K, reserved 1048576K
Heap Regions: E=young(eden), S=young(survivor), O=old, HS=humongous(starts), HC=humongous(continues), CS=collection set, F=free, A=archive, TS=gc time stamp, AC=allocation context, TAMS=top-at-mark-start (previous, next)
|   0|0x0000000702000000, 0x0000000702000000, 0x0000000702100000|  0%| F|  |TS  0|AC  0|TAMS 0x0000000702000000, 0x0000000702000000|
|   1|0x0000000702100000, 0x0000000702100000, 0x0000000702200000|  0%| F|  |TS  0|AC  0|TAMS 0x0000000702100000, 0x0000000702100000|
|   2|0x0000000702200000, 0x0000000702200000, 0x0000000702300000|  0%| F|  |TS  0|AC  0|TAMS 0x0000000702200000, 0x0000000702200000|
|   3|0x0000000702300000, 0x0000000702300000, 0x0000000702400000|  0%| F|  |TS  0|AC  0|TAMS 0x0000000702300000, 0x0000000702300000|
|   4|0x0000000702400000, 0x0000000702400000, 0x0000000702500000|  0%| F|  |TS  0|AC  0|TAMS 0x0000000702400000, 0x0000000702400000|
|   5|0x0000000702500000, 0x0000000702500000, 0x0000000702600000|  0%| F|  |TS  0|AC  0|TAMS 0x0000000702500000, 0x0000000702500000|
|   6|0x0000000702600000, 0x0000000702600000, 0x0000000702700000|  0%| F|  |TS  0|AC  0|TAMS 0x0000000702600000, 0x0000000702600000|
|   7|0x0000000702700000, 0x0000000702700000, 0x0000000702800000|  0%| F|  |TS  0|AC  0|TAMS 0x0000000702700000, 0x0000000702700000|
|   8|0x0000000702800000, 0x0000000702800000, 0x0000000702900000|  0%| F|  |TS  0|AC  0|TAMS 0x0000000702800000, 0x0000000702800000|
|   9|0x0000000702900000, 0x0000000702900000, 0x0000000702a00000|  0%| F|  |TS  0|AC  0|TAMS 0x0000000702900000, 0x0000000702900000|
|  10|0x0000000702a00000, 0x0000000702a00000, 0x0000000702b00000|  0%| F|  |TS  0|AC  0|TAMS 0x0000000702a00000, 0x0000000702a00000|
|  11|0x0000000702b00000, 0x0000000702b00000, 0x0000000702c00000|  0%| F|  |TS  0|AC  0|TAMS 0x0000000702b00000, 0x0000000702b00000|
|  12|0x0000000702c00000, 0x0000000702c00000, 0x0000000702d00000|  0%| F|  |TS  0|AC  0|TAMS 0x0000000702c00000, 0x0000000702c00000|
|  13|0x0000000702d00000, 0x0000000702d00000, 0x0000000702e00000|  0%| F|  |TS  0|AC  0|TAMS 0x0000000702d00000, 0x0000000702d00000|
|  14|0x0000000702e00000, 0x0000000702e00000, 0x0000000702f00000|  0%| F|  |TS  0|AC  0|TAMS 0x0000000702e00000, 0x0000000702e00000|
|  15|0x0000000702f00000, 0x0000000702f00000, 0x0000000703000000|  0%| F|  |TS  0|AC  0|TAMS 0x0000000702f00000, 0x0000000702f00000|
|  16|0x0000000703000000, 0x0000000703000000, 0x0000000703100000|  0%| F|  |TS  0|AC  0|TAMS 0x0000000703000000, 0x0000000703000000|
|  17|0x0000000703100000, 0x0000000703100000, 0x0000000703200000|  0%| F|  |TS  0|AC  0|TAMS 0x0000000703100000, 0x0000000703100000|
|  18|0x0000000703200000, 0x0000000703200000, 0x0000000703300000|  0%| F|  |TS  0|AC  0|TAMS 0x0000000703200000, 0x0000000703200000|
|  19|0x0000000703300000, 0x0000000703300000, 0x0000000703400000|  0%| F|  |TS  0|AC  0|TAMS 0x0000000703300000, 0x0000000703300000|
|  20|0x0000000703400000, 0x0000000703400000, 0x0000000703500000|  0%| F|  |TS  0|AC  0|TAMS 0x0000000703400000, 0x0000000703400000|
|  21|0x0000000703500000, 0x0000000703500000, 0x0000000703600000|  0%| F|  |TS  0|AC  0|TAMS 0x0000000703500000, 0x0000000703500000|
|  22|0x0000000703600000, 0x0000000703600000, 0x0000000703700000|  0%| F|  |TS  0|AC  0|TAMS 0x0000000703600000, 0x0000000703600000|
|  23|0x0000000703700000, 0x0000000703700000, 0x0000000703800000|  0%| F|  |TS  0|AC  0|TAMS 0x0000000703700000, 0x0000000703700000|
|  24|0x0000000703800000, 0x0000000703800000, 0x0000000703900000|  0%| F|  |TS  0|AC  0|TAMS 0x0000000703800000, 0x0000000703800000|
|  25|0x0000000703900000, 0x0000000703900000, 0x0000000703a00000|  0%| F|  |TS  0|AC  0|TAMS 0x0000000703900000, 0x0000000703900000|
|  26|0x0000000703a00000, 0x0000000703a00000, 0x0000000703b00000|  0%| F|  |TS  0|AC  0|TAMS 0x0000000703a00000, 0x0000000703a00000|
|  27|0x0000000703b00000, 0x0000000703b00000, 0x0000000703c00000|  0%| F|  |TS  0|AC  0|TAMS 0x0000000703b00000, 0x0000000703b00000|
|  28|0x0000000703c00000, 0x0000000703c00000, 0x0000000703d00000|  0%| F|  |TS  0|AC  0|TAMS 0x0000000703c00000, 0x0000000703c00000|
|  29|0x0000000703d00000, 0x0000000703d00000, 0x0000000703e00000|  0%| F|  |TS  0|AC  0|TAMS 0x0000000703d00000, 0x0000000703d00000|
|  30|0x0000000703e00000, 0x0000000703e00000, 0x0000000703f00000|  0%| F|  |TS  0|AC  0|TAMS 0x0000000703e00000, 0x0000000703e00000|
|  31|0x0000000703f00000, 0x0000000703f00000, 0x0000000704000000|  0%| F|  |TS  0|AC  0|TAMS 0x0000000703f00000, 0x0000000703f00000|
|  32|0x0000000704000000, 0x0000000704000000, 0x0000000704100000|  0%| F|  |TS  0|AC  0|TAMS 0x0000000704000000, 0x0000000704000000|
|  33|0x0000000704100000, 0x0000000704100000, 0x0000000704200000|  0%| F|  |TS  0|AC  0|TAMS 0x0000000704100000, 0x0000000704100000|
|  34|0x0000000704200000, 0x0000000704200000, 0x0000000704300000|  0%| F|  |TS  0|AC  0|TAMS 0x0000000704200000, 0x0000000704200000|
|  35|0x0000000704300000, 0x0000000704300000, 0x0000000704400000|  0%| F|  |TS  0|AC  0|TAMS 0x0000000704300000, 0x0000000704300000|
|  36|0x0000000704400000, 0x0000000704400000, 0x0000000704500000|  0%| F|  |TS  0|AC  0|TAMS 0x0000000704400000, 0x0000000704400000|
|  37|0x0000000704500000, 0x0000000704500000, 0x0000000704600000|  0%| F|  |TS  0|AC  0|TAMS 0x0000000704500000, 0x0000000704500000|
|  38|0x0000000704600000, 0x0000000704600000, 0x0000000704700000|  0%| F|  |TS  0|AC  0|TAMS 0x0000000704600000, 0x0000000704600000|
|  39|0x0000000704700000, 0x0000000704700000, 0x0000000704800000|  0%| F|  |TS  0|AC  0|TAMS 0x0000000704700000, 0x0000000704700000|
|  40|0x0000000704800000, 0x0000000704800000, 0x0000000704900000|  0%| F|  |TS  0|AC  0|TAMS 0x0000000704800000, 0x0000000704800000|
|  41|0x0000000704900000, 0x0000000704900000, 0x0000000704a00000|  0%| F|  |TS  0|AC  0|TAMS 0x0000000704900000, 0x0000000704900000|
|  42|0x0000000704a00000, 0x0000000704a00000, 0x0000000704b00000|  0%| F|  |TS  0|AC  0|TAMS 0x0000000704a00000, 0x0000000704a00000|
|  43|0x0000000704b00000, 0x0000000704b00000, 0x0000000704c00000|  0%| F|  |TS  0|AC  0|TAMS 0x0000000704b00000, 0x0000000704b00000|
|  44|0x0000000704c00000, 0x0000000704c00000, 0x0000000704d00000|  0%| F|  |TS  0|AC  0|TAMS 0x0000000704c00000, 0x0000000704c00000|
|  45|0x0000000704d00000, 0x0000000704d00000, 0x0000000704e00000|  0%| F|  |TS  0|AC  0|TAMS 0x0000000704d00000, 0x0000000704d00000|
|  46|0x0000000704e00000, 0x0000000704e00000, 0x0000000704f00000|  0%| F|  |TS  0|AC  0|TAMS 0x0000000704e00000, 0x0000000704e00000|
|  47|0x0000000704f00000, 0x0000000704f00000, 0x0000000705000000|  0%| F|  |TS  0|AC  0|TAMS 0x0000000704f00000, 0x0000000704f00000|
|  48|0x0000000705000000, 0x0000000705000000, 0x0000000705100000|  0%| F|  |TS  0|AC  0|TAMS 0x0000000705000000, 0x0000000705000000|
|  49|0x0000000705100000, 0x0000000705100000, 0x0000000705200000|  0%| F|  |TS  0|AC  0|TAMS 0x0000000705100000, 0x0000000705100000|
|  50|0x0000000705200000, 0x0000000705200000, 0x0000000705300000|  0%| F|  |TS  0|AC  0|TAMS 0x0000000705200000, 0x0000000705200000|
|  51|0x0000000705300000, 0x0000000705300000, 0x0000000705400000|  0%| F|  |TS  0|AC  0|TAMS 0x0000000705300000, 0x0000000705300000|
|  52|0x0000000705400000, 0x0000000705400000, 0x0000000705500000|  0%| F|  |TS  0|AC  0|TAMS 0x0000000705400000, 0x0000000705400000|
|  53|0x0000000705500000, 0x0000000705500000, 0x0000000705600000|  0%| F|  |TS  0|AC  0|TAMS 0x0000000705500000, 0x0000000705500000|
|  54|0x0000000705600000, 0x0000000705600000, 0x0000000705700000|  0%| F|  |TS  0|AC  0|TAMS 0x0000000705600000, 0x0000000705600000|
|  55|0x0000000705700000, 0x0000000705700000, 0x0000000705800000|  0%| F|  |TS  0|AC  0|TAMS 0x0000000705700000, 0x0000000705700000|
|  56|0x0000000705800000, 0x0000000705800000, 0x0000000705900000|  0%| F|  |TS  0|AC  0|TAMS 0x0000000705800000, 0x0000000705800000|
|  57|0x0000000705900000, 0x0000000705900000, 0x0000000705a00000|  0%| F|  |TS  0|AC  0|TAMS 0x0000000705900000, 0x0000000705900000|
|  58|0x0000000705a00000, 0x0000000705a00000, 0x0000000705b00000|  0%| F|  |TS  0|AC  0|TAMS 0x0000000705a00000, 0x0000000705a00000|
|  59|0x0000000705b00000, 0x0000000705b00000, 0x0000000705c00000|  0%| F|  |TS  0|AC  0|TAMS 0x0000000705b00000, 0x0000000705b00000|
|  60|0x0000000705c00000, 0x0000000705c00000, 0x0000000705d00000|  0%| F|  |TS  0|AC  0|TAMS 0x0000000705c00000, 0x0000000705c00000|
|  61|0x0000000705d00000, 0x0000000705d00000, 0x0000000705e00000|  0%| F|  |TS  0|AC  0|TAMS 0x0000000705d00000, 0x0000000705d00000|
|  62|0x0000000705e00000, 0x0000000705e00000, 0x0000000705f00000|  0%| F|  |TS  0|AC  0|TAMS 0x0000000705e00000, 0x0000000705e00000|
|  63|0x0000000705f00000, 0x0000000705f00000, 0x0000000706000000|  0%| F|  |TS  0|AC  0|TAMS 0x0000000705f00000, 0x0000000705f00000|
|  64|0x0000000706000000, 0x0000000706000000, 0x0000000706100000|  0%| F|  |TS  0|AC  0|TAMS 0x0000000706000000, 0x0000000706000000|
|  65|0x0000000706100000, 0x0000000706100000, 0x0000000706200000|  0%| F|  |TS  0|AC  0|TAMS 0x0000000706100000, 0x0000000706100000|
|  66|0x0000000706200000, 0x0000000706200000, 0x0000000706300000|  0%| F|  |TS  0|AC  0|TAMS 0x0000000706200000, 0x0000000706200000|
|  67|0x0000000706300000, 0x0000000706300000, 0x0000000706400000|  0%| F|  |TS  0|AC  0|TAMS 0x0000000706300000, 0x0000000706300000|
|  68|0x0000000706400000, 0x0000000706400000, 0x0000000706500000|  0%| F|  |TS  0|AC  0|TAMS 0x0000000706400000, 0x0000000706400000|
|  69|0x0000000706500000, 0x0000000706500000, 0x0000000706600000|  0%| F|  |TS  0|AC  0|TAMS 0x0000000706500000, 0x0000000706500000|
|  70|0x0000000706600000, 0x0000000706600000, 0x0000000706700000|  0%| F|  |TS  0|AC  0|TAMS 0x0000000706600000, 0x0000000706600000|
|  71|0x0000000706700000, 0x0000000706700000, 0x0000000706800000|  0%| F|  |TS  0|AC  0|TAMS 0x0000000706700000, 0x0000000706700000|
|  72|0x0000000706800000, 0x0000000706800000, 0x0000000706900000|  0%| F|  |TS  0|AC  0|TAMS 0x0000000706800000, 0x0000000706800000|
|  73|0x0000000706900000, 0x0000000706900000, 0x0000000706a00000|  0%| F|  |TS  0|AC  0|TAMS 0x0000000706900000, 0x0000000706900000|
|  74|0x0000000706a00000, 0x0000000706a00000, 0x0000000706b00000|  0%| F|  |TS  0|AC  0|TAMS 0x0000000706a00000, 0x0000000706a00000|
|  75|0x0000000706b00000, 0x0000000706b00000, 0x0000000706c00000|  0%| F|  |TS  0|AC  0|TAMS 0x0000000706b00000, 0x0000000706b00000|
|  76|0x0000000706c00000, 0x0000000706c00000, 0x0000000706d00000|  0%| F|  |TS  0|AC  0|TAMS 0x0000000706c00000, 0x0000000706c00000|
|  77|0x0000000706d00000, 0x0000000706d00000, 0x0000000706e00000|  0%| F|  |TS  0|AC  0|TAMS 0x0000000706d00000, 0x0000000706d00000|
|  78|0x0000000706e00000, 0x0000000706e00000, 0x0000000706f00000|  0%| F|  |TS  0|AC  0|TAMS 0x0000000706e00000, 0x0000000706e00000|
|  79|0x0000000706f00000, 0x0000000706f00000, 0x0000000707000000|  0%| F|  |TS  0|AC  0|TAMS 0x0000000706f00000, 0x0000000706f00000|
|  80|0x0000000707000000, 0x0000000707000000, 0x0000000707100000|  0%| F|  |TS  0|AC  0|TAMS 0x0000000707000000, 0x0000000707000000|
|  81|0x0000000707100000, 0x0000000707100000, 0x0000000707200000|  0%| F|  |TS  0|AC  0|TAMS 0x0000000707100000, 0x0000000707100000|
|  82|0x0000000707200000, 0x0000000707200000, 0x0000000707300000|  0%| F|  |TS  0|AC  0|TAMS 0x0000000707200000, 0x0000000707200000|
|  83|0x0000000707300000, 0x0000000707300000, 0x0000000707400000|  0%| F|  |TS  0|AC  0|TAMS 0x0000000707300000, 0x0000000707300000|
|  84|0x0000000707400000, 0x0000000707400000, 0x0000000707500000|  0%| F|  |TS  0|AC  0|TAMS 0x0000000707400000, 0x0000000707400000|
|  85|0x0000000707500000, 0x0000000707500000, 0x0000000707600000|  0%| F|  |TS  0|AC  0|TAMS 0x0000000707500000, 0x0000000707500000|
|  86|0x0000000707600000, 0x0000000707600000, 0x0000000707700000|  0%| F|  |TS  0|AC  0|TAMS 0x0000000707600000, 0x0000000707600000|
|  87|0x0000000707700000, 0x0000000707700000, 0x0000000707800000|  0%| F|  |TS  0|AC  0|TAMS 0x0000000707700000, 0x0000000707700000|
|  88|0x0000000707800000, 0x0000000707800000, 0x0000000707900000|  0%| F|  |TS  0|AC  0|TAMS 0x0000000707800000, 0x0000000707800000|
|  89|0x0000000707900000, 0x0000000707900000, 0x0000000707a00000|  0%| F|  |TS  0|AC  0|TAMS 0x0000000707900000, 0x0000000707900000|
|  90|0x0000000707a00000, 0x0000000707a00000, 0x0000000707b00000|  0%| F|  |TS  0|AC  0|TAMS 0x0000000707a00000, 0x0000000707a00000|
|  91|0x0000000707b00000, 0x0000000707b00000, 0x0000000707c00000|  0%| F|  |TS  0|AC  0|TAMS 0x0000000707b00000, 0x0000000707b00000|
|  92|0x0000000707c00000, 0x0000000707c00000, 0x0000000707d00000|  0%| F|  |TS  0|AC  0|TAMS 0x0000000707c00000, 0x0000000707c00000|
|  93|0x0000000707d00000, 0x0000000707d00000, 0x0000000707e00000|  0%| F|  |TS  0|AC  0|TAMS 0x0000000707d00000, 0x0000000707d00000|
|  94|0x0000000707e00000, 0x0000000707e00000, 0x0000000707f00000|  0%| F|  |TS  0|AC  0|TAMS 0x0000000707e00000, 0x0000000707e00000|
|  95|0x0000000707f00000, 0x0000000707f00000, 0x0000000708000000|  0%| F|  |TS  0|AC  0|TAMS 0x0000000707f00000, 0x0000000707f00000|
|  96|0x0000000708000000, 0x0000000708000000, 0x0000000708100000|  0%| F|  |TS  0|AC  0|TAMS 0x0000000708000000, 0x0000000708000000|
|  97|0x0000000708100000, 0x0000000708100000, 0x0000000708200000|  0%| F|  |TS  0|AC  0|TAMS 0x0000000708100000, 0x0000000708100000|
|  98|0x0000000708200000, 0x0000000708200000, 0x0000000708300000|  0%| F|  |TS  0|AC  0|TAMS 0x0000000708200000, 0x0000000708200000|
|  99|0x0000000708300000, 0x0000000708300000, 0x0000000708400000|  0%| F|  |TS  0|AC  0|TAMS 0x0000000708300000, 0x0000000708300000|
| 100|0x0000000708400000, 0x0000000708400000, 0x0000000708500000|  0%| F|  |TS  0|AC  0|TAMS 0x0000000708400000, 0x0000000708400000|
| 101|0x0000000708500000, 0x0000000708500000, 0x0000000708600000|  0%| F|  |TS  0|AC  0|TAMS 0x0000000708500000, 0x0000000708500000|
| 102|0x0000000708600000, 0x0000000708600000, 0x0000000708700000|  0%| F|  |TS  0|AC  0|TAMS 0x0000000708600000, 0x0000000708600000|
| 103|0x0000000708700000, 0x0000000708700000, 0x0000000708800000|  0%| F|  |TS  0|AC  0|TAMS 0x0000000708700000, 0x0000000708700000|
| 104|0x0000000708800000, 0x0000000708800000, 0x0000000708900000|  0%| F|  |TS  0|AC  0|TAMS 0x0000000708800000, 0x0000000708800000|
| 105|0x0000000708900000, 0x0000000708900000, 0x0000000708a00000|  0%| F|  |TS  0|AC  0|TAMS 0x0000000708900000, 0x0000000708900000|
| 106|0x0000000708a00000, 0x0000000708a00000, 0x0000000708b00000|  0%| F|  |TS  0|AC  0|TAMS 0x0000000708a00000, 0x0000000708a00000|
| 107|0x0000000708b00000, 0x0000000708b00000, 0x0000000708c00000|  0%| F|  |TS  0|AC  0|TAMS 0x0000000708b00000, 0x0000000708b00000|
| 108|0x0000000708c00000, 0x0000000708c00000, 0x0000000708d00000|  0%| F|  |TS  0|AC  0|TAMS 0x0000000708c00000, 0x0000000708c00000|
| 109|0x0000000708d00000, 0x0000000708d00000, 0x0000000708e00000|  0%| F|  |TS  0|AC  0|TAMS 0x0000000708d00000, 0x0000000708d00000|
| 110|0x0000000708e00000, 0x0000000708e00000, 0x0000000708f00000|  0%| F|  |TS  0|AC  0|TAMS 0x0000000708e00000, 0x0000000708e00000|
| 111|0x0000000708f00000, 0x0000000708f00000, 0x0000000709000000|  0%| F|  |TS  0|AC  0|TAMS 0x0000000708f00000, 0x0000000708f00000|
| 112|0x0000000709000000, 0x0000000709000000, 0x0000000709100000|  0%| F|  |TS  0|AC  0|TAMS 0x0000000709000000, 0x0000000709000000|
| 113|0x0000000709100000, 0x0000000709100000, 0x0000000709200000|  0%| F|  |TS  0|AC  0|TAMS 0x0000000709100000, 0x0000000709100000|
| 114|0x0000000709200000, 0x0000000709200000, 0x0000000709300000|  0%| F|  |TS  0|AC  0|TAMS 0x0000000709200000, 0x0000000709200000|
| 115|0x0000000709300000, 0x0000000709300000, 0x0000000709400000|  0%| F|  |TS  0|AC  0|TAMS 0x0000000709300000, 0x0000000709300000|
| 116|0x0000000709400000, 0x0000000709400000, 0x0000000709500000|  0%| F|  |TS  0|AC  0|TAMS 0x0000000709400000, 0x0000000709400000|
| 117|0x0000000709500000, 0x0000000709500000, 0x0000000709600000|  0%| F|  |TS  0|AC  0|TAMS 0x0000000709500000, 0x0000000709500000|
| 118|0x0000000709600000, 0x0000000709600000, 0x0000000709700000|  0%| F|  |TS  0|AC  0|TAMS 0x0000000709600000, 0x0000000709600000|
| 119|0x0000000709700000, 0x0000000709700000, 0x0000000709800000|  0%| F|  |TS  0|AC  0|TAMS 0x0000000709700000, 0x0000000709700000|
| 120|0x0000000709800000, 0x0000000709800000, 0x0000000709900000|  0%| F|  |TS  0|AC  0|TAMS 0x0000000709800000, 0x0000000709800000|
| 121|0x0000000709900000, 0x0000000709900000, 0x0000000709a00000|  0%| F|  |TS  0|AC  0|TAMS 0x0000000709900000, 0x0000000709900000|
| 122|0x0000000709a00000, 0x0000000709a00000, 0x0000000709b00000|  0%| F|  |TS  0|AC  0|TAMS 0x0000000709a00000, 0x0000000709a00000|
| 123|0x0000000709b00000, 0x0000000709b00000, 0x0000000709c00000|  0%| F|  |TS  0|AC  0|TAMS 0x0000000709b00000, 0x0000000709b00000|
| 124|0x0000000709c00000, 0x0000000709c00000, 0x0000000709d00000|  0%| F|  |TS  0|AC  0|TAMS 0x0000000709c00000, 0x0000000709c00000|
| 125|0x0000000709d00000, 0x0000000709d00000, 0x0000000709e00000|  0%| F|  |TS  0|AC  0|TAMS 0x0000000709d00000, 0x0000000709d00000|
| 126|0x0000000709e00000, 0x0000000709e00000, 0x0000000709f00000|  0%| F|  |TS  0|AC  0|TAMS 0x0000000709e00000, 0x0000000709e00000|
| 127|0x0000000709f00000, 0x0000000709f00000, 0x000000070a000000|  0%| F|  |TS  0|AC  0|TAMS 0x0000000709f00000, 0x0000000709f00000|
| 128|0x000000070a000000, 0x000000070a000000, 0x000000070a100000|  0%| F|  |TS  0|AC  0|TAMS 0x000000070a000000, 0x000000070a000000|
| 129|0x000000070a100000, 0x000000070a100000, 0x000000070a200000|  0%| F|  |TS  0|AC  0|TAMS 0x000000070a100000, 0x000000070a100000|
| 130|0x000000070a200000, 0x000000070a200000, 0x000000070a300000|  0%| F|  |TS  0|AC  0|TAMS 0x000000070a200000, 0x000000070a200000|
| 131|0x000000070a300000, 0x000000070a300000, 0x000000070a400000|  0%| F|  |TS  0|AC  0|TAMS 0x000000070a300000, 0x000000070a300000|
| 132|0x000000070a400000, 0x000000070a400000, 0x000000070a500000|  0%| F|  |TS  0|AC  0|TAMS 0x000000070a400000, 0x000000070a400000|
| 133|0x000000070a500000, 0x000000070a500000, 0x000000070a600000|  0%| F|  |TS  0|AC  0|TAMS 0x000000070a500000, 0x000000070a500000|
| 134|0x000000070a600000, 0x000000070a600000, 0x000000070a700000|  0%| F|  |TS  0|AC  0|TAMS 0x000000070a600000, 0x000000070a600000|
| 135|0x000000070a700000, 0x000000070a700000, 0x000000070a800000|  0%| F|  |TS  0|AC  0|TAMS 0x000000070a700000, 0x000000070a700000|
| 136|0x000000070a800000, 0x000000070a800000, 0x000000070a900000|  0%| F|  |TS  0|AC  0|TAMS 0x000000070a800000, 0x000000070a800000|
| 137|0x000000070a900000, 0x000000070a900000, 0x000000070aa00000|  0%| F|  |TS  0|AC  0|TAMS 0x000000070a900000, 0x000000070a900000|
| 138|0x000000070aa00000, 0x000000070aa00000, 0x000000070ab00000|  0%| F|  |TS  0|AC  0|TAMS 0x000000070aa00000, 0x000000070aa00000|
| 139|0x000000070ab00000, 0x000000070ab00000, 0x000000070ac00000|  0%| F|  |TS  0|AC  0|TAMS 0x000000070ab00000, 0x000000070ab00000|
| 140|0x000000070ac00000, 0x000000070ac00000, 0x000000070ad00000|  0%| F|  |TS  0|AC  0|TAMS 0x000000070ac00000, 0x000000070ac00000|
| 141|0x000000070ad00000, 0x000000070ad00000, 0x000000070ae00000|  0%| F|  |TS  0|AC  0|TAMS 0x000000070ad00000, 0x000000070ad00000|
| 142|0x000000070ae00000, 0x000000070ae00000, 0x000000070af00000|  0%| F|  |TS  0|AC  0|TAMS 0x000000070ae00000, 0x000000070ae00000|
| 143|0x000000070af00000, 0x000000070af00000, 0x000000070b000000|  0%| F|  |TS  0|AC  0|TAMS 0x000000070af00000, 0x000000070af00000|
| 144|0x000000070b000000, 0x000000070b000000, 0x000000070b100000|  0%| F|  |TS  0|AC  0|TAMS 0x000000070b000000, 0x000000070b000000|
| 145|0x000000070b100000, 0x000000070b100000, 0x000000070b200000|  0%| F|  |TS  0|AC  0|TAMS 0x000000070b100000, 0x000000070b100000|
| 146|0x000000070b200000, 0x000000070b200000, 0x000000070b300000|  0%| F|  |TS  0|AC  0|TAMS 0x000000070b200000, 0x000000070b200000|
| 147|0x000000070b300000, 0x000000070b300000, 0x000000070b400000|  0%| F|  |TS  0|AC  0|TAMS 0x000000070b300000, 0x000000070b300000|
| 148|0x000000070b400000, 0x000000070b400000, 0x000000070b500000|  0%| F|  |TS  0|AC  0|TAMS 0x000000070b400000, 0x000000070b400000|
| 149|0x000000070b500000, 0x000000070b500000, 0x000000070b600000|  0%| F|  |TS  0|AC  0|TAMS 0x000000070b500000, 0x000000070b500000|
| 150|0x000000070b600000, 0x000000070b600000, 0x000000070b700000|  0%| F|  |TS  0|AC  0|TAMS 0x000000070b600000, 0x000000070b600000|
| 151|0x000000070b700000, 0x000000070b700000, 0x000000070b800000|  0%| F|  |TS  0|AC  0|TAMS 0x000000070b700000, 0x000000070b700000|
| 152|0x000000070b800000, 0x000000070b800000, 0x000000070b900000|  0%| F|  |TS  0|AC  0|TAMS 0x000000070b800000, 0x000000070b800000|
| 153|0x000000070b900000, 0x000000070b900000, 0x000000070ba00000|  0%| F|  |TS  0|AC  0|TAMS 0x000000070b900000, 0x000000070b900000|
| 154|0x000000070ba00000, 0x000000070ba00000, 0x000000070bb00000|  0%| F|  |TS  0|AC  0|TAMS 0x000000070ba00000, 0x000000070ba00000|
| 155|0x000000070bb00000, 0x000000070bb00000, 0x000000070bc00000|  0%| F|  |TS  0|AC  0|TAMS 0x000000070bb00000, 0x000000070bb00000|
| 156|0x000000070bc00000, 0x000000070bc00000, 0x000000070bd00000|  0%| F|  |TS  0|AC  0|TAMS 0x000000070bc00000, 0x000000070bc00000|
| 157|0x000000070bd00000, 0x000000070bd00000, 0x000000070be00000|  0%| F|  |TS  0|AC  0|TAMS 0x000000070bd00000, 0x000000070bd00000|
| 158|0x000000070be00000, 0x000000070be00000, 0x000000070bf00000|  0%| F|  |TS  0|AC  0|TAMS 0x000000070be00000, 0x000000070be00000|
| 159|0x000000070bf00000, 0x000000070bf00000, 0x000000070c000000|  0%| F|  |TS  0|AC  0|TAMS 0x000000070bf00000, 0x000000070bf00000|
| 160|0x000000070c000000, 0x000000070c000000, 0x000000070c100000|  0%| F|  |TS  0|AC  0|TAMS 0x000000070c000000, 0x000000070c000000|
| 161|0x000000070c100000, 0x000000070c100000, 0x000000070c200000|  0%| F|  |TS  0|AC  0|TAMS 0x000000070c100000, 0x000000070c100000|
| 162|0x000000070c200000, 0x000000070c200000, 0x000000070c300000|  0%| F|  |TS  0|AC  0|TAMS 0x000000070c200000, 0x000000070c200000|
| 163|0x000000070c300000, 0x000000070c300000, 0x000000070c400000|  0%| F|  |TS  0|AC  0|TAMS 0x000000070c300000, 0x000000070c300000|
| 164|0x000000070c400000, 0x000000070c400000, 0x000000070c500000|  0%| F|  |TS  0|AC  0|TAMS 0x000000070c400000, 0x000000070c400000|
| 165|0x000000070c500000, 0x000000070c500000, 0x000000070c600000|  0%| F|  |TS  0|AC  0|TAMS 0x000000070c500000, 0x000000070c500000|
| 166|0x000000070c600000, 0x000000070c600000, 0x000000070c700000|  0%| F|  |TS  0|AC  0|TAMS 0x000000070c600000, 0x000000070c600000|
| 167|0x000000070c700000, 0x000000070c700000, 0x000000070c800000|  0%| F|  |TS  0|AC  0|TAMS 0x000000070c700000, 0x000000070c700000|
| 168|0x000000070c800000, 0x000000070c800000, 0x000000070c900000|  0%| F|  |TS  0|AC  0|TAMS 0x000000070c800000, 0x000000070c800000|
| 169|0x000000070c900000, 0x000000070c900000, 0x000000070ca00000|  0%| F|  |TS  0|AC  0|TAMS 0x000000070c900000, 0x000000070c900000|
| 170|0x000000070ca00000, 0x000000070ca00000, 0x000000070cb00000|  0%| F|  |TS  0|AC  0|TAMS 0x000000070ca00000, 0x000000070ca00000|
| 171|0x000000070cb00000, 0x000000070cb00000, 0x000000070cc00000|  0%| F|  |TS  0|AC  0|TAMS 0x000000070cb00000, 0x000000070cb00000|
| 172|0x000000070cc00000, 0x000000070cc00000, 0x000000070cd00000|  0%| F|  |TS  0|AC  0|TAMS 0x000000070cc00000, 0x000000070cc00000|
| 173|0x000000070cd00000, 0x000000070cd00000, 0x000000070ce00000|  0%| F|  |TS  0|AC  0|TAMS 0x000000070cd00000, 0x000000070cd00000|
| 174|0x000000070ce00000, 0x000000070ce00000, 0x000000070cf00000|  0%| F|  |TS  0|AC  0|TAMS 0x000000070ce00000, 0x000000070ce00000|
| 175|0x000000070cf00000, 0x000000070cf00000, 0x000000070d000000|  0%| F|  |TS  0|AC  0|TAMS 0x000000070cf00000, 0x000000070cf00000|
| 176|0x000000070d000000, 0x000000070d000000, 0x000000070d100000|  0%| F|  |TS  0|AC  0|TAMS 0x000000070d000000, 0x000000070d000000|
| 177|0x000000070d100000, 0x000000070d100000, 0x000000070d200000|  0%| F|  |TS  0|AC  0|TAMS 0x000000070d100000, 0x000000070d100000|
| 178|0x000000070d200000, 0x000000070d200000, 0x000000070d300000|  0%| F|  |TS  0|AC  0|TAMS 0x000000070d200000, 0x000000070d200000|
| 179|0x000000070d300000, 0x000000070d300000, 0x000000070d400000|  0%| F|  |TS  0|AC  0|TAMS 0x000000070d300000, 0x000000070d300000|
| 180|0x000000070d400000, 0x000000070d400000, 0x000000070d500000|  0%| F|  |TS  0|AC  0|TAMS 0x000000070d400000, 0x000000070d400000|
| 181|0x000000070d500000, 0x000000070d500000, 0x000000070d600000|  0%| F|  |TS  0|AC  0|TAMS 0x000000070d500000, 0x000000070d500000|
| 182|0x000000070d600000, 0x000000070d600000, 0x000000070d700000|  0%| F|  |TS  0|AC  0|TAMS 0x000000070d600000, 0x000000070d600000|
| 183|0x000000070d700000, 0x000000070d700000, 0x000000070d800000|  0%| F|  |TS  0|AC  0|TAMS 0x000000070d700000, 0x000000070d700000|
| 184|0x000000070d800000, 0x000000070d800000, 0x000000070d900000|  0%| F|  |TS  0|AC  0|TAMS 0x000000070d800000, 0x000000070d800000|
| 185|0x000000070d900000, 0x000000070d900000, 0x000000070da00000|  0%| F|  |TS  0|AC  0|TAMS 0x000000070d900000, 0x000000070d900000|
| 186|0x000000070da00000, 0x000000070da00000, 0x000000070db00000|  0%| F|  |TS  0|AC  0|TAMS 0x000000070da00000, 0x000000070da00000|
| 187|0x000000070db00000, 0x000000070db48300, 0x000000070dc00000| 28%| E|  |TS  0|AC  0|TAMS 0x000000070db00000, 0x000000070db00000|
| 188|0x000000070dc00000, 0x000000070dd00000, 0x000000070dd00000|100%| E|CS|TS  0|AC  0|TAMS 0x000000070dc00000, 0x000000070dc00000|
| 189|0x000000070dd00000, 0x000000070de00000, 0x000000070de00000|100%| E|CS|TS  0|AC  0|TAMS 0x000000070dd00000, 0x000000070dd00000|

Card table byte_map: [0x000001fcd8110000,0x000001fcd8700000] byte_map_base: 0x000001fcd4900000

Marking Bits (Prev, Next): (CMBitMap*) 0x000001fcbd852820, (CMBitMap*) 0x000001fcbd852858
 Prev Bits: [0x000001fcd8cf0000, 0x000001fcdbc70000)
 Next Bits: [0x000001fcdbc70000, 0x000001fcdebf0000)

Polling page: 0x000001fcbb720000

CodeHeap 'non-profiled nmethods': size=120064Kb used=61Kb max_used=61Kb free=120002Kb
 bounds [0x000001fcd05e0000, 0x000001fcd0850000, 0x000001fcd7b20000]
CodeHeap 'profiled nmethods': size=120000Kb used=328Kb max_used=328Kb free=119672Kb
 bounds [0x000001fcc90b0000, 0x000001fcc9320000, 0x000001fcd05e0000]
CodeHeap 'non-nmethods': size=5696Kb used=1107Kb max_used=1108Kb free=4588Kb
 bounds [0x000001fcc8b20000, 0x000001fcc8d90000, 0x000001fcc90b0000]
 total_blobs=589 nmethods=234 adapters=214
 compilation: enabled

Compilation events (10 events):
Event: 0.482 Thread 0x000001fce1a1c000  230       3       java.util.regex.Pattern::peek (26 bytes)
Event: 0.482 Thread 0x000001fce1a1c000 nmethod 230 0x000001fcc9100a10 code [0x000001fcc9100be0, 0x000001fcc9100ed0]
Event: 0.484 Thread 0x000001fce1a1c000  231       3       java.util.regex.Pattern::next (33 bytes)
Event: 0.485 Thread 0x000001fce1a1c000 nmethod 231 0x000001fcc9101010 code [0x000001fcc91011e0, 0x000001fcc91014d0]
Event: 0.485 Thread 0x000001fce1a1c000  232       1       java.util.regex.Pattern::flags (5 bytes)
Event: 0.485 Thread 0x000001fce1a1c000 nmethod 232 0x000001fcd05ef310 code [0x000001fcd05ef4c0, 0x000001fcd05ef5d8]
Event: 3.036 Thread 0x000001fce1a1c000  233       3       java.lang.StringUTF16::putChar (54 bytes)
Event: 3.036 Thread 0x000001fce1a1c000 nmethod 233 0x000001fcc9101610 code [0x000001fcc91017c0, 0x000001fcc9101958]
Event: 3.043 Thread 0x000001fce1a1c000  234       3       java.lang.AbstractStringBuilder::newCapacity (55 bytes)
Event: 3.043 Thread 0x000001fce1a1c000 nmethod 234 0x000001fcc9101a90 code [0x000001fcc9101c60, 0x000001fcc9101f10]

GC Heap History (0 events):
No events

Deoptimization events (1 events):
Event: 0.284 Thread 0x000001fcbd795800 Uncommon trap: reason=unstable_if action=reinterpret pc=0x000001fcd05e3d14 method=java.lang.String.hashCode()I @ 14 c2

Classes redefined (8 events):
Event: 67.448 Thread 0x000001fce1950800 redefined class name=SelisihBeban, count=1
Event: 120.868 Thread 0x000001fce1950800 redefined class name=SelisihBeban, count=2
Event: 210.325 Thread 0x000001fce1950800 redefined class name=SelisihBeban, count=3
Event: 384.534 Thread 0x000001fce1950800 redefined class name=SelisihBeban, count=4
Event: 863.621 Thread 0x000001fce1950800 redefined class name=SelisihBeban, count=5
Event: 939.781 Thread 0x000001fce1950800 redefined class name=SelisihBeban, count=6
Event: 961.132 Thread 0x000001fce1950800 redefined class name=SelisihBeban, count=7
Event: 1195.764 Thread 0x000001fce1950800 redefined class name=SelisihBeban, count=8

Internal exceptions (2 events):
Event: 0.421 Thread 0x000001fcbd795800 Exception <a 'java/lang/NoSuchMethodError'{0x000000070dcd4158}: java.lang.Object.lambda$negate$3(I)Z> (0x000000070dcd4158) thrown at [t:/workspace/open/src/hotspot/share/interpreter/linkResolver.cpp, line 741]
Event: 0.422 Thread 0x000001fcbd795800 Exception <a 'java/lang/NoSuchMethodError'{0x000000070dcd7478}: java.lang.Object.lambda$and$0(Ljava/util/regex/Pattern$CharPredicate;I)Z> (0x000000070dcd7478) thrown at [t:/workspace/open/src/hotspot/share/interpreter/linkResolver.cpp, line 741]

Events (10 events):
Event: 1195.766 Executing VM operation: GetOrSetLocal done
Event: 1195.769 Executing VM operation: ChangeBreakpoints
Event: 1195.769 Executing VM operation: ChangeBreakpoints done
Event: 1195.771 Executing VM operation: GetFrameCount
Event: 1195.771 Executing VM operation: GetFrameCount done
Event: 1195.771 Executing VM operation: GetFrameLocation
Event: 1195.771 Executing VM operation: GetFrameLocation done
Event: 1195.772 Executing VM operation: GetFrameLocation
Event: 1195.772 Executing VM operation: GetFrameLocation done
Event: 1195.773 Executing VM operation: GetOrSetLocal


Dynamic libraries:
0x00007ff63b5b0000 - 0x00007ff63b5ee000 	C:\Program Files\Java\jdk-10\bin\java.exe
0x00007ffdbbcb0000 - 0x00007ffdbbe91000 	C:\WINDOWS\SYSTEM32\ntdll.dll
0x00007ffd7dcb0000 - 0x00007ffd7dce4000 	C:\Program Files\AVAST Software\Avast\x64\aswhooka.dll
0x00007ffdb9900000 - 0x00007ffdb99b2000 	C:\WINDOWS\System32\KERNEL32.DLL
0x00007ffdb8080000 - 0x00007ffdb82f3000 	C:\WINDOWS\System32\KERNELBASE.dll
0x00007ffdb95a0000 - 0x00007ffdb9641000 	C:\WINDOWS\System32\ADVAPI32.dll
0x00007ffdb9a30000 - 0x00007ffdb9ace000 	C:\WINDOWS\System32\msvcrt.dll
0x00007ffdb9650000 - 0x00007ffdb96ab000 	C:\WINDOWS\System32\sechost.dll
0x00007ffdba140000 - 0x00007ffdba264000 	C:\WINDOWS\System32\RPCRT4.dll
0x00007ffdbbaf0000 - 0x00007ffdbbc80000 	C:\WINDOWS\System32\USER32.dll
0x00007ffdb8b70000 - 0x00007ffdb8b90000 	C:\WINDOWS\System32\win32u.dll
0x00007ffdbbaa0000 - 0x00007ffdbbac8000 	C:\WINDOWS\System32\GDI32.dll
0x00007ffdb8b90000 - 0x00007ffdb8d22000 	C:\WINDOWS\System32\gdi32full.dll
0x00007ffdb8d30000 - 0x00007ffdb8dcf000 	C:\WINDOWS\System32\msvcp_win.dll
0x00007ffdb8e50000 - 0x00007ffdb8f4a000 	C:\WINDOWS\System32\ucrtbase.dll
0x00007ffd9dea0000 - 0x00007ffd9e109000 	C:\WINDOWS\WinSxS\amd64_microsoft.windows.common-controls_6595b64144ccf1df_6.0.17134.165_none_fb429645306569ac\COMCTL32.dll
0x00007ffdb9b50000 - 0x00007ffdb9e73000 	C:\WINDOWS\System32\combase.dll
0x00007ffdb8dd0000 - 0x00007ffdb8e4a000 	C:\WINDOWS\System32\bcryptPrimitives.dll
0x00007ffdaf7a0000 - 0x00007ffdaf7aa000 	C:\WINDOWS\SYSTEM32\VERSION.dll
0x00007ffdb9820000 - 0x00007ffdb984d000 	C:\WINDOWS\System32\IMM32.DLL
0x00007ffd86f90000 - 0x00007ffd8707f000 	C:\Program Files\Java\jdk-10\bin\msvcr120.dll
0x00007ffd86370000 - 0x00007ffd86416000 	C:\Program Files\Java\jdk-10\bin\msvcp120.dll
0x000000006f770000 - 0x00000000701df000 	C:\Program Files\Java\jdk-10\bin\server\jvm.dll
0x00007ffdb9140000 - 0x00007ffdb9148000 	C:\WINDOWS\System32\PSAPI.DLL
0x00007ffdac4e0000 - 0x00007ffdac4e9000 	C:\WINDOWS\SYSTEM32\WSOCK32.dll
0x00007ffdb99c0000 - 0x00007ffdb9a2c000 	C:\WINDOWS\System32\WS2_32.dll
0x00007ffdac4b0000 - 0x00007ffdac4d3000 	C:\WINDOWS\SYSTEM32\WINMM.dll
0x00007ffdac480000 - 0x00007ffdac4aa000 	C:\WINDOWS\SYSTEM32\WINMMBASE.dll
0x00007ffdb8360000 - 0x00007ffdb83a9000 	C:\WINDOWS\System32\cfgmgr32.dll
0x00007ffdb05f0000 - 0x00007ffdb05ff000 	C:\Program Files\Java\jdk-10\bin\verify.dll
0x00007ffd98380000 - 0x00007ffd98549000 	C:\WINDOWS\SYSTEM32\DBGHELP.DLL
0x00007ffd98180000 - 0x00007ffd981a9000 	C:\WINDOWS\SYSTEM32\dbgcore.DLL
0x00007ffdb05c0000 - 0x00007ffdb05e7000 	C:\Program Files\Java\jdk-10\bin\java.dll
0x00007ffd889e0000 - 0x00007ffd88a16000 	C:\Program Files\Java\jdk-10\bin\jdwp.dll
0x00007ffdb0560000 - 0x00007ffdb0576000 	C:\Program Files\Java\jdk-10\bin\zip.dll
0x00007ffdb05b0000 - 0x00007ffdb05ba000 	C:\Program Files\Java\jdk-10\bin\jimage.dll
0x00007ffdba410000 - 0x00007ffdbb850000 	C:\WINDOWS\System32\SHELL32.dll
0x00007ffdb96b0000 - 0x00007ffdb9759000 	C:\WINDOWS\System32\shcore.dll
0x00007ffdb8460000 - 0x00007ffdb8b6d000 	C:\WINDOWS\System32\windows.storage.dll
0x00007ffdb9760000 - 0x00007ffdb97b1000 	C:\WINDOWS\System32\shlwapi.dll
0x00007ffdb7fd0000 - 0x00007ffdb7fe1000 	C:\WINDOWS\System32\kernel.appcore.dll
0x00007ffdb8040000 - 0x00007ffdb805f000 	C:\WINDOWS\System32\profapi.dll
0x00007ffdb7ff0000 - 0x00007ffdb803c000 	C:\WINDOWS\System32\powrprof.dll
0x00007ffdb7fc0000 - 0x00007ffdb7fca000 	C:\WINDOWS\System32\FLTLIB.DLL
0x00007ffdb0600000 - 0x00007ffdb060a000 	C:\Program Files\Java\jdk-10\bin\dt_socket.dll
0x00007ffdb7840000 - 0x00007ffdb78a6000 	C:\WINDOWS\system32\mswsock.dll

dbghelp: loaded successfully - version: 4.0.5 - missing functions: none
symbol engine: initialized successfully - sym options: 0x614 - pdb path: .;C:\Program Files\Java\jdk-10\bin;C:\WINDOWS\SYSTEM32;C:\Program Files\AVAST Software\Avast\x64;C:\WINDOWS\WinSxS\amd64_microsoft.windows.common-controls_6595b64144ccf1df_6.0.17134.165_none_fb429645306569ac;C:\Program Files\Java\jdk-10\bin\server

VM Arguments:
jvm_args: -agentlib:jdwp=transport=dt_socket,address=127.0.0.1:51236,suspend=y,server=n -Dfile.encoding=UTF-8 
java_command: SelisihBeban
java_class_path (initial): C:\Users\USER\IdeaProjects\BebanUntukKeledai\out\production\BebanUntukKeledai;C:\Program Files\JetBrains\IntelliJ IDEA Community Edition 2017.3.5\lib\idea_rt.jar
Launcher Type: SUN_STANDARD

Logging:
Log output configuration:
#0: stdout all=warning uptime,level,tags
#1: stderr all=off uptime,level,tags

Environment Variables:
PATH=C:\Program Files (x86)\Common Files\Intel\Shared Libraries\redist\intel64\compiler;C:\ProgramData\Oracle\Java\javapath;C:\Windows\system32;C:\Windows;C:\Windows\System32\Wbem;C:\Windows\System32\WindowsPowerShell\v1.0\;C:\Program Files (x86)\NVIDIA Corporation\PhysX\Common;C:\Program Files\Git\cmd;C:\WINDOWS\system32;C:\WINDOWS;C:\WINDOWS\System32\Wbem;C:\WINDOWS\System32\WindowsPowerShell\v1.0\;C:\Program Files\jEdit;C:\Program Files\Microsoft VS Code\bin;C:\xampp\php;C:\ProgramData\ComposerSetup\bin;C:\WINDOWS\System32\OpenSSH\;C:\Users\USER\AppData\Local\Microsoft\WindowsApps;C:\Users\USER\AppData\Roaming\Composer\vendor\bin;
USERNAME=USER
OS=Windows_NT
PROCESSOR_IDENTIFIER=Intel64 Family 6 Model 142 Stepping 9, GenuineIntel



---------------  S Y S T E M  ---------------

OS: Windows 10 , 64 bit Build 17134 (10.0.17134.1)

CPU:total 4 (initial active 4) (2 cores per cpu, 2 threads per core) family 6 model 142 stepping 9, cmov, cx8, fxsr, mmx, sse, sse2, sse3, ssse3, sse4.1, sse4.2, popcnt, avx, avx2, aes, clmul, erms, 3dnowpref, lzcnt, ht, tsc, tscinvbit, bmi1, bmi2, adx, fma

Memory: 4k page, physical 12447972k(1976404k free), swap 30457284k(3150468k free)

vm_info: Java HotSpot(TM) 64-Bit Server VM (10+46) for windows-amd64 JRE (10+46), built on Mar  8 2018 02:11:18 by "mach5one" with MS VC++ 12.0 (VS2013)

END.
